21-03-2018 17:58:19 [INFO ] osg.calclocation.Main - Starting uk.gov.dvla.osg.batch.Main
21-03-2018 17:58:19 [TRACE] osg.calclocation.Main - Assigning Args...
21-03-2018 17:58:19 [TRACE] osg.calclocation.Main - Loading AppConfig...
21-03-2018 17:58:19 [TRACE] osg.calclocation.Main - Initialising DPF Parser...
21-03-2018 17:58:19 [TRACE] osg.calclocation.Main - Loading customers...
21-03-2018 17:58:21 [TRACE] osg.calclocation.Main - Loading Lookup Files...
21-03-2018 17:58:21 [INFO ] common.config.EnvelopeLookup - Creating Envelope Lookup..
21-03-2018 17:58:21 [TRACE] osg.calclocation.Main - Sorting input...
21-03-2018 17:58:21 [TRACE] osg.calclocation.Main - Starting CalcLocation...
21-03-2018 17:58:21 [TRACE] common.config.ProductionConfiguration - Loading Production file 'C:\Users\OSG\CalcBatchType\HRC.production.config'
21-03-2018 17:58:21 [WARN ] calclocation.models.BatchType - Invalid site entry in lookup file! Site is 'X'
21-03-2018 17:58:21 [WARN ] calclocation.models.BatchType - Invalid site entry in lookup file! Site is 'X'
21-03-2018 17:58:21 [WARN ] calclocation.models.BatchType - Invalid site entry in lookup file! Site is 'X'
21-03-2018 17:58:21 [WARN ] calclocation.models.BatchType - Invalid site entry in lookup file! Site is 'XX'
21-03-2018 17:58:21 [TRACE] osg.calclocation.Main - Running calculate...
21-03-2018 17:58:21 [TRACE] osg.calclocation.LocationCalculator - Count Customers...
21-03-2018 17:58:21 [TRACE] osg.calclocation.LocationCalculator - Calculate Number To Ff...
21-03-2018 17:58:21 [TRACE] osg.calclocation.LocationCalculator - Set Sites...
21-03-2018 17:58:21 [TRACE] osg.calclocation.Main - Sorting input...
21-03-2018 17:58:22 [TRACE] osg.calclocation.Main - Calculating EOGs...
21-03-2018 17:58:22 [TRACE] osg.calclocation.Main - Sorting input...
21-03-2018 17:58:22 [TRACE] osg.calclocation.Main - Running Batch Engine...
21-03-2018 17:58:22 [TRACE] osg.calclocation.BatchEngine - Starting Batch Engine
21-03-2018 17:58:22 [INFO ] common.config.PapersizeLookup - Creating Papersize Lookup..
21-03-2018 17:58:22 [TRACE] common.config.InsertLookup - Creating Insert Lookup..
21-03-2018 17:58:22 [TRACE] osg.calclocation.Main - Creating UkMail Resources...
21-03-2018 17:58:28 [INFO ] ukmail.resources.CreateUkMailResources - MANIFEST, 'C:\\Users\\OSG\\CalcBatchType\\F.MAIL.HRC.7.21032018_175822.DAT' exists true
21-03-2018 17:58:28 [INFO ] ukmail.resources.CreateUkMailResources - UkMailResources finished
21-03-2018 17:58:28 [TRACE] osg.calclocation.Main - Sorting back to original order...
21-03-2018 17:58:28 [TRACE] osg.calclocation.Main - Saving DPF file...
21-03-2018 17:58:30 [TRACE] osg.calclocation.Main - Data saved to: C:\Users\OSG\Dropbox\Work\CalcLocation_Output.dpf
